12:52 - INFO - config_logs - Logging setup completed.
12:52 - INFO - check_data_exists - Data for JKHY in 2018 already exists. Skipping download.
12:52 - INFO - check_data_exists - Data for MA in 2018 already exists. Skipping download.
12:52 - INFO - check_data_exists - Data for IRM in 2018 already exists. Skipping download.
12:52 - INFO - check_data_exists - Data for HOLX in 2018 already exists. Skipping download.
12:52 - INFO - check_data_exists - Data for FFIV in 2018 already exists. Skipping download.
12:52 - INFO - get_data - Success running get_data(symbols, 2018, delay=12) 
12:52 - INFO - <module> - Data has been saved to CSV files for each symbol in ['JKHY', 'MA', 'IRM', 'HOLX', 'FFIV'].
12:52 - INFO - config_logs - Logging setup completed.
12:53 - INFO - get_data - Fetched done for JKHY for the year 2018
12:53 - INFO - save_as_csv - Data for JKHY saved to data/2018/JKHY_2018.csv
12:53 - INFO - get_data - Fetched done for MA for the year 2018
12:53 - INFO - save_as_csv - Data for MA saved to data/2018/MA_2018.csv
12:53 - INFO - get_data - Fetched done for IRM for the year 2018
12:53 - INFO - save_as_csv - Data for IRM saved to data/2018/IRM_2018.csv
12:53 - INFO - check_data_exists - Data for HOLX in 2018 already exists. Skipping download.
12:53 - INFO - check_data_exists - Data for FFIV in 2018 already exists. Skipping download.
12:53 - INFO - get_data - Success running get_data(symbols, 2018, delay=12) 
12:53 - INFO - <module> - Data has been saved to CSV files for each symbol in ['JKHY', 'MA', 'IRM', 'HOLX', 'FFIV'].
12:55 - INFO - config_logs - Logging setup completed.
12:55 - INFO - check_data_exists - Data for JKHY in 2018 already exists. Skipping download.
12:55 - INFO - check_data_exists - Data for MA in 2018 already exists. Skipping download.
12:55 - INFO - check_data_exists - Data for IRM in 2018 already exists. Skipping download.
12:55 - INFO - check_data_exists - Data for HOLX in 2018 already exists. Skipping download.
12:55 - INFO - check_data_exists - Data for FFIV in 2018 already exists. Skipping download.
12:55 - INFO - get_data - Success running get_data(symbols, 2018, delay=12) 
12:55 - INFO - <module> - Data has been saved to CSV files for each symbol in ['JKHY', 'MA', 'IRM', 'HOLX', 'FFIV'].
12:58 - INFO - config_logs - Logging setup completed.
12:59 - INFO - fetch_symbols - Fetched 503 symbols from exchange sp500.
13:00 - INFO - check_data_exists - Data for JKHY in 2018 already exists. Skipping download.
13:00 - INFO - check_data_exists - Data for MA in 2018 already exists. Skipping download.
13:00 - INFO - check_data_exists - Data for IRM in 2018 already exists. Skipping download.
13:00 - INFO - check_data_exists - Data for HOLX in 2018 already exists. Skipping download.
13:00 - INFO - check_data_exists - Data for FFIV in 2018 already exists. Skipping download.
13:00 - INFO - get_data - Success running get_data(symbols, 2018, delay=12) 
13:00 - INFO - <module> - Data has been saved to CSV files for each symbol in ['JKHY', 'MA', 'IRM', 'HOLX', 'FFIV'].
13:01 - INFO - config_logs - Logging setup completed.
13:01 - INFO - fetch_symbols - Fetched 503 symbols from exchange sp500.
13:01 - INFO - get_data - Fetched done for MMM for the year 2018
13:02 - INFO - save_as_csv - Data for MMM saved to data/2018/MMM_2018.csv
13:02 - INFO - get_data - Fetched done for AOS for the year 2018
13:02 - INFO - save_as_csv - Data for AOS saved to data/2018/AOS_2018.csv
13:03 - INFO - get_data - Fetched done for ABT for the year 2018
13:05 - INFO - config_logs - Logging setup completed.
13:05 - INFO - config_logs - Logging setup completed.
13:05 - INFO - fetch_symbols - Fetched 503 symbols from exchange sp500.
13:05 - INFO - check_data_exists - Data for MMM in 2018 already exists. Skipping download.
13:05 - INFO - check_data_exists - Data for AOS in 2018 already exists. Skipping download.
13:05 - INFO - get_data - Fetched ABT for the year 2018
13:05 - INFO - save_as_csv - Data for ABT saved to data/2018/ABT_2018.csv
13:05 - INFO - get_data - Fetched ABBV for the year 2018
13:06 - INFO - save_as_csv - Data for ABBV saved to data/2018/ABBV_2018.csv
13:06 - INFO - get_data - Fetched ACN for the year 2018
13:07 - INFO - save_as_csv - Data for ACN saved to data/2018/ACN_2018.csv
13:07 - INFO - get_data - Fetched ADBE for the year 2018
13:08 - INFO - save_as_csv - Data for ADBE saved to data/2018/ADBE_2018.csv
13:08 - INFO - get_data - Fetched AMD for the year 2018
13:08 - INFO - save_as_csv - Data for AMD saved to data/2018/AMD_2018.csv
13:08 - INFO - get_data - Fetched AES for the year 2018
13:08 - INFO - save_as_csv - Data for AES saved to data/2018/AES_2018.csv
13:08 - INFO - get_data - Fetched AFL for the year 2018
13:08 - INFO - save_as_csv - Data for AFL saved to data/2018/AFL_2018.csv
13:09 - INFO - get_data - Fetched A for the year 2018
13:09 - INFO - save_as_csv - Data for A saved to data/2018/A_2018.csv
13:09 - INFO - get_data - Fetched APD for the year 2018
13:09 - INFO - save_as_csv - Data for APD saved to data/2018/APD_2018.csv
13:09 - INFO - get_data - Fetched ABNB for the year 2018
13:09 - INFO - get_data - Fetched AKAM for the year 2018
13:09 - INFO - save_as_csv - Data for AKAM saved to data/2018/AKAM_2018.csv
13:10 - INFO - get_data - Fetched ALB for the year 2018
13:10 - INFO - save_as_csv - Data for ALB saved to data/2018/ALB_2018.csv
13:10 - INFO - get_data - Fetched ARE for the year 2018
13:10 - INFO - save_as_csv - Data for ARE saved to data/2018/ARE_2018.csv
13:10 - INFO - get_data - Fetched ALGN for the year 2018
13:10 - INFO - save_as_csv - Data for ALGN saved to data/2018/ALGN_2018.csv
13:10 - INFO - get_data - Fetched ALLE for the year 2018
13:10 - INFO - save_as_csv - Data for ALLE saved to data/2018/ALLE_2018.csv
13:10 - INFO - get_data - Fetched LNT for the year 2018
13:10 - INFO - save_as_csv - Data for LNT saved to data/2018/LNT_2018.csv
13:11 - INFO - get_data - Fetched ALL for the year 2018
13:11 - INFO - save_as_csv - Data for ALL saved to data/2018/ALL_2018.csv
13:11 - INFO - get_data - Fetched GOOGL for the year 2018
13:11 - INFO - save_as_csv - Data for GOOGL saved to data/2018/GOOGL_2018.csv
13:11 - INFO - get_data - Fetched GOOG for the year 2018
13:11 - INFO - save_as_csv - Data for GOOG saved to data/2018/GOOG_2018.csv
13:11 - INFO - get_data - Fetched MO for the year 2018
13:11 - INFO - save_as_csv - Data for MO saved to data/2018/MO_2018.csv
13:11 - INFO - get_data - Fetched AMZN for the year 2018
13:11 - INFO - save_as_csv - Data for AMZN saved to data/2018/AMZN_2018.csv
13:12 - INFO - get_data - Fetched AMCR for the year 2018
13:12 - INFO - save_as_csv - Data for AMCR saved to data/2018/AMCR_2018.csv
13:12 - INFO - get_data - Fetched AMTM for the year 2018
13:12 - INFO - get_data - Fetched AEE for the year 2018
13:12 - INFO - save_as_csv - Data for AEE saved to data/2018/AEE_2018.csv
13:12 - INFO - get_data - Fetched AEP for the year 2018
13:12 - INFO - save_as_csv - Data for AEP saved to data/2018/AEP_2018.csv
13:12 - INFO - get_data - Fetched AXP for the year 2018
13:12 - INFO - save_as_csv - Data for AXP saved to data/2018/AXP_2018.csv
13:13 - INFO - get_data - Fetched AIG for the year 2018
13:13 - INFO - save_as_csv - Data for AIG saved to data/2018/AIG_2018.csv
13:13 - INFO - get_data - Fetched AMT for the year 2018
13:13 - INFO - save_as_csv - Data for AMT saved to data/2018/AMT_2018.csv
13:13 - INFO - get_data - Fetched AWK for the year 2018
13:13 - INFO - save_as_csv - Data for AWK saved to data/2018/AWK_2018.csv
13:13 - INFO - get_data - Fetched AMP for the year 2018
13:13 - INFO - save_as_csv - Data for AMP saved to data/2018/AMP_2018.csv
13:13 - INFO - get_data - Fetched AME for the year 2018
13:13 - INFO - save_as_csv - Data for AME saved to data/2018/AME_2018.csv
13:14 - INFO - get_data - Fetched AMGN for the year 2018
13:14 - INFO - save_as_csv - Data for AMGN saved to data/2018/AMGN_2018.csv
13:14 - INFO - get_data - Fetched APH for the year 2018
13:14 - INFO - save_as_csv - Data for APH saved to data/2018/APH_2018.csv
13:14 - INFO - get_data - Fetched ADI for the year 2018
13:14 - INFO - save_as_csv - Data for ADI saved to data/2018/ADI_2018.csv
13:14 - INFO - get_data - Fetched ANSS for the year 2018
13:14 - INFO - save_as_csv - Data for ANSS saved to data/2018/ANSS_2018.csv
13:15 - INFO - get_data - Fetched AON for the year 2018
13:15 - INFO - save_as_csv - Data for AON saved to data/2018/AON_2018.csv
13:15 - INFO - get_data - Fetched APA for the year 2018
13:15 - INFO - save_as_csv - Data for APA saved to data/2018/APA_2018.csv
13:15 - INFO - get_data - Fetched AAPL for the year 2018
13:15 - INFO - save_as_csv - Data for AAPL saved to data/2018/AAPL_2018.csv
13:15 - INFO - get_data - Fetched AMAT for the year 2018
13:15 - INFO - save_as_csv - Data for AMAT saved to data/2018/AMAT_2018.csv
13:15 - INFO - get_data - Fetched APTV for the year 2018
13:15 - INFO - save_as_csv - Data for APTV saved to data/2018/APTV_2018.csv
13:16 - INFO - get_data - Fetched ACGL for the year 2018
13:16 - INFO - save_as_csv - Data for ACGL saved to data/2018/ACGL_2018.csv
13:16 - INFO - get_data - Fetched ADM for the year 2018
13:16 - INFO - save_as_csv - Data for ADM saved to data/2018/ADM_2018.csv
13:16 - INFO - get_data - Fetched ANET for the year 2018
13:16 - INFO - save_as_csv - Data for ANET saved to data/2018/ANET_2018.csv
13:16 - INFO - get_data - Fetched AJG for the year 2018
13:16 - INFO - save_as_csv - Data for AJG saved to data/2018/AJG_2018.csv
13:16 - INFO - get_data - Fetched AIZ for the year 2018
13:16 - INFO - save_as_csv - Data for AIZ saved to data/2018/AIZ_2018.csv
13:17 - INFO - get_data - Fetched T for the year 2018
13:17 - INFO - save_as_csv - Data for T saved to data/2018/T_2018.csv
13:17 - INFO - get_data - Fetched ATO for the year 2018
13:17 - INFO - save_as_csv - Data for ATO saved to data/2018/ATO_2018.csv
13:17 - INFO - get_data - Fetched ADSK for the year 2018
13:17 - INFO - save_as_csv - Data for ADSK saved to data/2018/ADSK_2018.csv
13:17 - INFO - get_data - Fetched ADP for the year 2018
13:17 - INFO - save_as_csv - Data for ADP saved to data/2018/ADP_2018.csv
13:18 - INFO - get_data - Fetched AZO for the year 2018
13:18 - INFO - save_as_csv - Data for AZO saved to data/2018/AZO_2018.csv
13:18 - INFO - get_data - Fetched AVB for the year 2018
13:18 - INFO - save_as_csv - Data for AVB saved to data/2018/AVB_2018.csv
13:18 - INFO - get_data - Fetched AVY for the year 2018
13:18 - INFO - save_as_csv - Data for AVY saved to data/2018/AVY_2018.csv
13:18 - INFO - get_data - Fetched AXON for the year 2018
13:18 - INFO - save_as_csv - Data for AXON saved to data/2018/AXON_2018.csv
13:19 - INFO - get_data - Fetched BKR for the year 2018
13:19 - INFO - save_as_csv - Data for BKR saved to data/2018/BKR_2018.csv
13:19 - INFO - get_data - Fetched BALL for the year 2018
13:19 - INFO - save_as_csv - Data for BALL saved to data/2018/BALL_2018.csv
13:19 - INFO - config_logs - Logging setup completed.
13:19 - INFO - fetch_symbols - Fetched 503 symbols from exchange sp500.
13:19 - INFO - check_data_exists - Data for MMM in 2018 already exists. Skipping download.
13:19 - INFO - check_data_exists - Data for AOS in 2018 already exists. Skipping download.
13:19 - INFO - check_data_exists - Data for ABT in 2018 already exists. Skipping download.
13:19 - INFO - check_data_exists - Data for ABBV in 2018 already exists. Skipping download.
13:19 - INFO - check_data_exists - Data for ACN in 2018 already exists. Skipping download.
13:19 - INFO - check_data_exists - Data for ADBE in 2018 already exists. Skipping download.
13:19 - INFO - check_data_exists - Data for AMD in 2018 already exists. Skipping download.
13:19 - INFO - check_data_exists - Data for AES in 2018 already exists. Skipping download.
13:19 - INFO - check_data_exists - Data for AFL in 2018 already exists. Skipping download.
13:19 - INFO - check_data_exists - Data for A in 2018 already exists. Skipping download.
13:19 - INFO - check_data_exists - Data for APD in 2018 already exists. Skipping download.
13:19 - INFO - get_data - Fetched ABNB for the year 2018
13:20 - INFO - check_data_exists - Data for AKAM in 2018 already exists. Skipping download.
13:20 - INFO - check_data_exists - Data for ALB in 2018 already exists. Skipping download.
13:20 - INFO - check_data_exists - Data for ARE in 2018 already exists. Skipping download.
13:20 - INFO - check_data_exists - Data for ALGN in 2018 already exists. Skipping download.
13:20 - INFO - check_data_exists - Data for ALLE in 2018 already exists. Skipping download.
13:20 - INFO - check_data_exists - Data for LNT in 2018 already exists. Skipping download.
13:20 - INFO - check_data_exists - Data for ALL in 2018 already exists. Skipping download.
13:20 - INFO - check_data_exists - Data for GOOGL in 2018 already exists. Skipping download.
13:20 - INFO - check_data_exists - Data for GOOG in 2018 already exists. Skipping download.
13:20 - INFO - check_data_exists - Data for MO in 2018 already exists. Skipping download.
13:20 - INFO - check_data_exists - Data for AMZN in 2018 already exists. Skipping download.
13:20 - INFO - check_data_exists - Data for AMCR in 2018 already exists. Skipping download.
13:20 - INFO - get_data - Fetched AMTM for the year 2018
13:20 - INFO - check_data_exists - Data for AEE in 2018 already exists. Skipping download.
13:20 - INFO - check_data_exists - Data for AEP in 2018 already exists. Skipping download.
13:20 - INFO - check_data_exists - Data for AXP in 2018 already exists. Skipping download.
13:20 - INFO - check_data_exists - Data for AIG in 2018 already exists. Skipping download.
13:20 - INFO - check_data_exists - Data for AMT in 2018 already exists. Skipping download.
13:20 - INFO - check_data_exists - Data for AWK in 2018 already exists. Skipping download.
13:20 - INFO - check_data_exists - Data for AMP in 2018 already exists. Skipping download.
13:20 - INFO - check_data_exists - Data for AME in 2018 already exists. Skipping download.
13:20 - INFO - check_data_exists - Data for AMGN in 2018 already exists. Skipping download.
13:20 - INFO - check_data_exists - Data for APH in 2018 already exists. Skipping download.
13:20 - INFO - check_data_exists - Data for ADI in 2018 already exists. Skipping download.
13:20 - INFO - check_data_exists - Data for ANSS in 2018 already exists. Skipping download.
13:20 - INFO - check_data_exists - Data for AON in 2018 already exists. Skipping download.
13:20 - INFO - check_data_exists - Data for APA in 2018 already exists. Skipping download.
13:20 - INFO - check_data_exists - Data for AAPL in 2018 already exists. Skipping download.
13:20 - INFO - check_data_exists - Data for AMAT in 2018 already exists. Skipping download.
13:20 - INFO - check_data_exists - Data for APTV in 2018 already exists. Skipping download.
13:20 - INFO - check_data_exists - Data for ACGL in 2018 already exists. Skipping download.
13:20 - INFO - check_data_exists - Data for ADM in 2018 already exists. Skipping download.
13:20 - INFO - check_data_exists - Data for ANET in 2018 already exists. Skipping download.
13:20 - INFO - check_data_exists - Data for AJG in 2018 already exists. Skipping download.
13:20 - INFO - check_data_exists - Data for AIZ in 2018 already exists. Skipping download.
13:20 - INFO - check_data_exists - Data for T in 2018 already exists. Skipping download.
13:20 - INFO - check_data_exists - Data for ATO in 2018 already exists. Skipping download.
13:20 - INFO - check_data_exists - Data for ADSK in 2018 already exists. Skipping download.
13:20 - INFO - check_data_exists - Data for ADP in 2018 already exists. Skipping download.
13:20 - INFO - check_data_exists - Data for AZO in 2018 already exists. Skipping download.
13:20 - INFO - check_data_exists - Data for AVB in 2018 already exists. Skipping download.
13:20 - INFO - check_data_exists - Data for AVY in 2018 already exists. Skipping download.
13:20 - INFO - check_data_exists - Data for AXON in 2018 already exists. Skipping download.
13:20 - INFO - check_data_exists - Data for BKR in 2018 already exists. Skipping download.
13:20 - INFO - check_data_exists - Data for BALL in 2018 already exists. Skipping download.
13:20 - INFO - get_data - Fetched BAC for the year 2018
13:20 - INFO - save_as_csv - Data for BAC saved to data/2018/BAC_2018.csv
13:20 - INFO - get_data - Fetched BAX for the year 2018
13:20 - INFO - save_as_csv - Data for BAX saved to data/2018/BAX_2018.csv
13:20 - INFO - get_data - Fetched BDX for the year 2018
13:20 - INFO - save_as_csv - Data for BDX saved to data/2018/BDX_2018.csv
13:21 - INFO - get_data - Fetched BRK.B for the year 2018
13:21 - INFO - get_data - Fetched BBY for the year 2018
13:21 - INFO - save_as_csv - Data for BBY saved to data/2018/BBY_2018.csv
13:21 - INFO - get_data - Fetched TECH for the year 2018
13:21 - INFO - save_as_csv - Data for TECH saved to data/2018/TECH_2018.csv
13:22 - INFO - get_data - Fetched BIIB for the year 2018
13:22 - INFO - save_as_csv - Data for BIIB saved to data/2018/BIIB_2018.csv
13:22 - INFO - get_data - Fetched BLK for the year 2018
13:22 - INFO - save_as_csv - Data for BLK saved to data/2018/BLK_2018.csv
13:22 - INFO - get_data - Fetched BX for the year 2018
13:22 - INFO - save_as_csv - Data for BX saved to data/2018/BX_2018.csv
13:22 - INFO - get_data - Fetched BK for the year 2018
13:22 - INFO - save_as_csv - Data for BK saved to data/2018/BK_2018.csv
13:23 - INFO - get_data - Fetched BA for the year 2018
13:23 - INFO - save_as_csv - Data for BA saved to data/2018/BA_2018.csv
13:23 - INFO - get_data - Fetched BKNG for the year 2018
13:23 - INFO - save_as_csv - Data for BKNG saved to data/2018/BKNG_2018.csv
13:23 - INFO - get_data - Fetched BWA for the year 2018
13:23 - INFO - save_as_csv - Data for BWA saved to data/2018/BWA_2018.csv
13:23 - INFO - get_data - Fetched BSX for the year 2018
13:23 - INFO - save_as_csv - Data for BSX saved to data/2018/BSX_2018.csv
13:23 - INFO - get_data - Fetched BMY for the year 2018
13:23 - INFO - save_as_csv - Data for BMY saved to data/2018/BMY_2018.csv
13:24 - INFO - get_data - Fetched AVGO for the year 2018
13:24 - INFO - save_as_csv - Data for AVGO saved to data/2018/AVGO_2018.csv
13:24 - INFO - get_data - Fetched BR for the year 2018
13:24 - INFO - save_as_csv - Data for BR saved to data/2018/BR_2018.csv
13:24 - INFO - get_data - Fetched BRO for the year 2018
13:24 - INFO - save_as_csv - Data for BRO saved to data/2018/BRO_2018.csv
13:24 - INFO - get_data - Fetched BF.B for the year 2018
13:24 - INFO - get_data - Fetched BLDR for the year 2018
13:24 - INFO - save_as_csv - Data for BLDR saved to data/2018/BLDR_2018.csv
13:25 - INFO - get_data - Fetched BG for the year 2018
13:25 - INFO - save_as_csv - Data for BG saved to data/2018/BG_2018.csv
13:25 - INFO - get_data - Fetched BXP for the year 2018
13:25 - INFO - save_as_csv - Data for BXP saved to data/2018/BXP_2018.csv
13:25 - INFO - get_data - Fetched CHRW for the year 2018
13:25 - INFO - save_as_csv - Data for CHRW saved to data/2018/CHRW_2018.csv
13:25 - INFO - get_data - Fetched CDNS for the year 2018
13:25 - INFO - save_as_csv - Data for CDNS saved to data/2018/CDNS_2018.csv
13:25 - INFO - get_data - Fetched CZR for the year 2018
13:25 - INFO - save_as_csv - Data for CZR saved to data/2018/CZR_2018.csv
13:26 - INFO - get_data - Fetched CPT for the year 2018
13:26 - INFO - save_as_csv - Data for CPT saved to data/2018/CPT_2018.csv
13:26 - INFO - get_data - Fetched CPB for the year 2018
13:26 - INFO - save_as_csv - Data for CPB saved to data/2018/CPB_2018.csv
13:26 - INFO - get_data - Fetched COF for the year 2018
13:26 - INFO - save_as_csv - Data for COF saved to data/2018/COF_2018.csv
13:26 - INFO - get_data - Fetched CAH for the year 2018
13:26 - INFO - save_as_csv - Data for CAH saved to data/2018/CAH_2018.csv
13:27 - INFO - get_data - Fetched KMX for the year 2018
13:27 - INFO - save_as_csv - Data for KMX saved to data/2018/KMX_2018.csv
13:27 - INFO - get_data - Fetched CCL for the year 2018
13:27 - INFO - save_as_csv - Data for CCL saved to data/2018/CCL_2018.csv
13:27 - INFO - get_data - Fetched CARR for the year 2018
13:27 - INFO - get_data - Fetched CTLT for the year 2018
13:27 - INFO - save_as_csv - Data for CTLT saved to data/2018/CTLT_2018.csv
13:27 - INFO - get_data - Fetched CAT for the year 2018
13:27 - INFO - save_as_csv - Data for CAT saved to data/2018/CAT_2018.csv
13:28 - INFO - get_data - Fetched CBOE for the year 2018
13:28 - INFO - save_as_csv - Data for CBOE saved to data/2018/CBOE_2018.csv
13:28 - INFO - get_data - Fetched CBRE for the year 2018
13:28 - INFO - save_as_csv - Data for CBRE saved to data/2018/CBRE_2018.csv
13:28 - INFO - get_data - Fetched CDW for the year 2018
13:28 - INFO - save_as_csv - Data for CDW saved to data/2018/CDW_2018.csv
13:28 - INFO - get_data - Fetched CE for the year 2018
13:28 - INFO - save_as_csv - Data for CE saved to data/2018/CE_2018.csv
13:28 - INFO - get_data - Fetched COR for the year 2018
13:28 - INFO - save_as_csv - Data for COR saved to data/2018/COR_2018.csv
13:29 - INFO - get_data - Fetched CNC for the year 2018
13:29 - INFO - save_as_csv - Data for CNC saved to data/2018/CNC_2018.csv
13:29 - INFO - get_data - Fetched CNP for the year 2018
13:29 - INFO - save_as_csv - Data for CNP saved to data/2018/CNP_2018.csv
13:29 - INFO - get_data - Fetched CF for the year 2018
13:29 - INFO - save_as_csv - Data for CF saved to data/2018/CF_2018.csv
13:29 - INFO - get_data - Fetched CRL for the year 2018
13:29 - INFO - save_as_csv - Data for CRL saved to data/2018/CRL_2018.csv
13:29 - INFO - get_data - Fetched SCHW for the year 2018
13:29 - INFO - save_as_csv - Data for SCHW saved to data/2018/SCHW_2018.csv
13:30 - INFO - get_data - Fetched CHTR for the year 2018
13:30 - INFO - save_as_csv - Data for CHTR saved to data/2018/CHTR_2018.csv
13:30 - INFO - get_data - Fetched CVX for the year 2018
13:30 - INFO - save_as_csv - Data for CVX saved to data/2018/CVX_2018.csv
13:30 - INFO - get_data - Fetched CMG for the year 2018
13:30 - INFO - save_as_csv - Data for CMG saved to data/2018/CMG_2018.csv
13:30 - INFO - get_data - Fetched CB for the year 2018
13:30 - INFO - save_as_csv - Data for CB saved to data/2018/CB_2018.csv
13:31 - INFO - get_data - Fetched CHD for the year 2018
13:31 - INFO - save_as_csv - Data for CHD saved to data/2018/CHD_2018.csv
13:31 - INFO - get_data - Fetched CI for the year 2018
13:31 - INFO - save_as_csv - Data for CI saved to data/2018/CI_2018.csv
13:31 - INFO - get_data - Fetched CINF for the year 2018
13:31 - INFO - save_as_csv - Data for CINF saved to data/2018/CINF_2018.csv
13:31 - INFO - get_data - Fetched CTAS for the year 2018
13:31 - INFO - save_as_csv - Data for CTAS saved to data/2018/CTAS_2018.csv
13:31 - INFO - get_data - Fetched CSCO for the year 2018
13:31 - INFO - save_as_csv - Data for CSCO saved to data/2018/CSCO_2018.csv
13:32 - INFO - get_data - Fetched C for the year 2018
13:32 - INFO - save_as_csv - Data for C saved to data/2018/C_2018.csv
13:32 - INFO - get_data - Fetched CFG for the year 2018
13:32 - INFO - save_as_csv - Data for CFG saved to data/2018/CFG_2018.csv
13:32 - INFO - get_data - Fetched CLX for the year 2018
13:32 - INFO - save_as_csv - Data for CLX saved to data/2018/CLX_2018.csv
13:32 - INFO - get_data - Fetched CME for the year 2018
13:32 - INFO - save_as_csv - Data for CME saved to data/2018/CME_2018.csv
13:32 - INFO - get_data - Fetched CMS for the year 2018
13:32 - INFO - save_as_csv - Data for CMS saved to data/2018/CMS_2018.csv
13:33 - INFO - get_data - Fetched KO for the year 2018
13:33 - INFO - save_as_csv - Data for KO saved to data/2018/KO_2018.csv
13:33 - INFO - get_data - Fetched CTSH for the year 2018
13:33 - INFO - save_as_csv - Data for CTSH saved to data/2018/CTSH_2018.csv
13:33 - INFO - get_data - Fetched CL for the year 2018
13:33 - INFO - save_as_csv - Data for CL saved to data/2018/CL_2018.csv
13:33 - INFO - get_data - Fetched CMCSA for the year 2018
13:33 - INFO - save_as_csv - Data for CMCSA saved to data/2018/CMCSA_2018.csv
13:33 - INFO - get_data - Fetched CAG for the year 2018
13:33 - INFO - save_as_csv - Data for CAG saved to data/2018/CAG_2018.csv
13:34 - INFO - get_data - Fetched COP for the year 2018
13:34 - INFO - save_as_csv - Data for COP saved to data/2018/COP_2018.csv
13:34 - INFO - get_data - Fetched ED for the year 2018
13:34 - INFO - save_as_csv - Data for ED saved to data/2018/ED_2018.csv
13:34 - INFO - get_data - Fetched STZ for the year 2018
13:34 - INFO - save_as_csv - Data for STZ saved to data/2018/STZ_2018.csv
13:34 - INFO - get_data - Fetched CEG for the year 2018
13:35 - INFO - get_data - Fetched COO for the year 2018
13:35 - INFO - save_as_csv - Data for COO saved to data/2018/COO_2018.csv
13:35 - INFO - get_data - Fetched CPRT for the year 2018
13:35 - INFO - save_as_csv - Data for CPRT saved to data/2018/CPRT_2018.csv
13:35 - INFO - get_data - Fetched GLW for the year 2018
13:35 - INFO - save_as_csv - Data for GLW saved to data/2018/GLW_2018.csv
13:35 - INFO - get_data - Fetched CPAY for the year 2018
13:35 - INFO - save_as_csv - Data for CPAY saved to data/2018/CPAY_2018.csv
13:35 - INFO - get_data - Fetched CTVA for the year 2018
13:36 - INFO - get_data - Fetched CSGP for the year 2018
13:36 - INFO - save_as_csv - Data for CSGP saved to data/2018/CSGP_2018.csv
13:36 - INFO - get_data - Fetched COST for the year 2018
13:36 - INFO - save_as_csv - Data for COST saved to data/2018/COST_2018.csv
13:36 - INFO - get_data - Fetched CTRA for the year 2018
13:36 - INFO - save_as_csv - Data for CTRA saved to data/2018/CTRA_2018.csv
13:36 - INFO - get_data - Fetched CRWD for the year 2018
13:36 - INFO - get_data - Fetched CCI for the year 2018
13:36 - INFO - save_as_csv - Data for CCI saved to data/2018/CCI_2018.csv
13:37 - INFO - get_data - Fetched CSX for the year 2018
13:37 - INFO - save_as_csv - Data for CSX saved to data/2018/CSX_2018.csv
13:37 - INFO - get_data - Fetched CMI for the year 2018
13:37 - INFO - save_as_csv - Data for CMI saved to data/2018/CMI_2018.csv
13:37 - INFO - get_data - Fetched CVS for the year 2018
13:37 - INFO - save_as_csv - Data for CVS saved to data/2018/CVS_2018.csv
13:37 - INFO - get_data - Fetched DHR for the year 2018
13:37 - INFO - save_as_csv - Data for DHR saved to data/2018/DHR_2018.csv
13:38 - INFO - get_data - Fetched DRI for the year 2018
13:38 - INFO - save_as_csv - Data for DRI saved to data/2018/DRI_2018.csv
13:38 - INFO - get_data - Fetched DVA for the year 2018
13:38 - INFO - save_as_csv - Data for DVA saved to data/2018/DVA_2018.csv
13:38 - INFO - get_data - Fetched DAY for the year 2018
13:38 - INFO - save_as_csv - Data for DAY saved to data/2018/DAY_2018.csv
13:38 - INFO - get_data - Fetched DECK for the year 2018
13:38 - INFO - save_as_csv - Data for DECK saved to data/2018/DECK_2018.csv
13:38 - INFO - get_data - Fetched DE for the year 2018
13:38 - INFO - save_as_csv - Data for DE saved to data/2018/DE_2018.csv
13:39 - INFO - get_data - Fetched DELL for the year 2018
13:39 - INFO - save_as_csv - Data for DELL saved to data/2018/DELL_2018.csv
13:39 - INFO - get_data - Fetched DAL for the year 2018
13:39 - INFO - save_as_csv - Data for DAL saved to data/2018/DAL_2018.csv
13:39 - INFO - get_data - Fetched DVN for the year 2018
13:39 - INFO - save_as_csv - Data for DVN saved to data/2018/DVN_2018.csv
13:39 - INFO - get_data - Fetched DXCM for the year 2018
13:39 - INFO - save_as_csv - Data for DXCM saved to data/2018/DXCM_2018.csv
13:39 - INFO - get_data - Fetched FANG for the year 2018
13:39 - INFO - save_as_csv - Data for FANG saved to data/2018/FANG_2018.csv
13:40 - INFO - get_data - Fetched DLR for the year 2018
13:40 - INFO - save_as_csv - Data for DLR saved to data/2018/DLR_2018.csv
13:40 - INFO - get_data - Fetched DFS for the year 2018
13:40 - INFO - save_as_csv - Data for DFS saved to data/2018/DFS_2018.csv
13:40 - INFO - get_data - Fetched DG for the year 2018
13:40 - INFO - save_as_csv - Data for DG saved to data/2018/DG_2018.csv
13:40 - INFO - get_data - Fetched DLTR for the year 2018
13:40 - INFO - save_as_csv - Data for DLTR saved to data/2018/DLTR_2018.csv
13:40 - INFO - get_data - Fetched D for the year 2018
13:40 - INFO - save_as_csv - Data for D saved to data/2018/D_2018.csv
13:41 - INFO - get_data - Fetched DPZ for the year 2018
13:41 - INFO - save_as_csv - Data for DPZ saved to data/2018/DPZ_2018.csv
13:41 - INFO - get_data - Fetched DOV for the year 2018
13:41 - INFO - save_as_csv - Data for DOV saved to data/2018/DOV_2018.csv
13:41 - INFO - get_data - Fetched DOW for the year 2018
13:41 - INFO - get_data - Fetched DHI for the year 2018
13:41 - INFO - save_as_csv - Data for DHI saved to data/2018/DHI_2018.csv
13:41 - INFO - get_data - Fetched DTE for the year 2018
13:41 - INFO - save_as_csv - Data for DTE saved to data/2018/DTE_2018.csv
13:42 - INFO - get_data - Fetched DUK for the year 2018
13:42 - INFO - save_as_csv - Data for DUK saved to data/2018/DUK_2018.csv
13:42 - INFO - get_data - Fetched DD for the year 2018
13:42 - INFO - save_as_csv - Data for DD saved to data/2018/DD_2018.csv
13:42 - INFO - get_data - Fetched EMN for the year 2018
13:42 - INFO - save_as_csv - Data for EMN saved to data/2018/EMN_2018.csv
13:42 - INFO - get_data - Fetched ETN for the year 2018
13:42 - INFO - save_as_csv - Data for ETN saved to data/2018/ETN_2018.csv
13:43 - INFO - get_data - Fetched EBAY for the year 2018
13:43 - INFO - save_as_csv - Data for EBAY saved to data/2018/EBAY_2018.csv
13:43 - INFO - get_data - Fetched ECL for the year 2018
13:43 - INFO - save_as_csv - Data for ECL saved to data/2018/ECL_2018.csv
13:43 - INFO - get_data - Fetched EIX for the year 2018
13:43 - INFO - save_as_csv - Data for EIX saved to data/2018/EIX_2018.csv
13:43 - INFO - get_data - Fetched EW for the year 2018
13:43 - INFO - save_as_csv - Data for EW saved to data/2018/EW_2018.csv
13:43 - INFO - get_data - Fetched EA for the year 2018
13:43 - INFO - save_as_csv - Data for EA saved to data/2018/EA_2018.csv
13:44 - INFO - get_data - Fetched ELV for the year 2018
13:44 - INFO - save_as_csv - Data for ELV saved to data/2018/ELV_2018.csv
13:44 - INFO - get_data - Fetched EMR for the year 2018
13:44 - INFO - save_as_csv - Data for EMR saved to data/2018/EMR_2018.csv
13:44 - INFO - get_data - Fetched ENPH for the year 2018
13:44 - INFO - save_as_csv - Data for ENPH saved to data/2018/ENPH_2018.csv
13:44 - INFO - get_data - Fetched ETR for the year 2018
13:44 - INFO - save_as_csv - Data for ETR saved to data/2018/ETR_2018.csv
13:44 - INFO - get_data - Fetched EOG for the year 2018
13:44 - INFO - save_as_csv - Data for EOG saved to data/2018/EOG_2018.csv
13:45 - INFO - get_data - Fetched EPAM for the year 2018
13:45 - INFO - save_as_csv - Data for EPAM saved to data/2018/EPAM_2018.csv
13:45 - INFO - get_data - Fetched EQT for the year 2018
13:45 - INFO - save_as_csv - Data for EQT saved to data/2018/EQT_2018.csv
13:45 - INFO - get_data - Fetched EFX for the year 2018
13:45 - INFO - save_as_csv - Data for EFX saved to data/2018/EFX_2018.csv
13:45 - INFO - get_data - Fetched EQIX for the year 2018
13:45 - INFO - save_as_csv - Data for EQIX saved to data/2018/EQIX_2018.csv
13:45 - INFO - get_data - Fetched EQR for the year 2018
13:45 - INFO - save_as_csv - Data for EQR saved to data/2018/EQR_2018.csv
13:46 - INFO - get_data - Fetched ERIE for the year 2018
13:46 - INFO - save_as_csv - Data for ERIE saved to data/2018/ERIE_2018.csv
13:46 - INFO - get_data - Fetched ESS for the year 2018
13:46 - INFO - save_as_csv - Data for ESS saved to data/2018/ESS_2018.csv
13:46 - INFO - get_data - Fetched EL for the year 2018
13:46 - INFO - save_as_csv - Data for EL saved to data/2018/EL_2018.csv
13:46 - INFO - get_data - Fetched EG for the year 2018
13:46 - INFO - save_as_csv - Data for EG saved to data/2018/EG_2018.csv
13:47 - INFO - get_data - Fetched EVRG for the year 2018
13:47 - INFO - save_as_csv - Data for EVRG saved to data/2018/EVRG_2018.csv
13:47 - INFO - get_data - Fetched ES for the year 2018
13:47 - INFO - save_as_csv - Data for ES saved to data/2018/ES_2018.csv
13:47 - INFO - get_data - Fetched EXC for the year 2018
13:47 - INFO - save_as_csv - Data for EXC saved to data/2018/EXC_2018.csv
13:47 - INFO - get_data - Fetched EXPE for the year 2018
13:47 - INFO - save_as_csv - Data for EXPE saved to data/2018/EXPE_2018.csv
13:47 - INFO - get_data - Fetched EXPD for the year 2018
13:47 - INFO - save_as_csv - Data for EXPD saved to data/2018/EXPD_2018.csv
13:48 - INFO - get_data - Fetched EXR for the year 2018
13:48 - INFO - save_as_csv - Data for EXR saved to data/2018/EXR_2018.csv
13:48 - INFO - get_data - Fetched XOM for the year 2018
13:48 - INFO - save_as_csv - Data for XOM saved to data/2018/XOM_2018.csv
13:48 - INFO - check_data_exists - Data for FFIV in 2018 already exists. Skipping download.
13:48 - INFO - get_data - Fetched FDS for the year 2018
13:48 - INFO - save_as_csv - Data for FDS saved to data/2018/FDS_2018.csv
13:48 - INFO - get_data - Fetched FICO for the year 2018
13:48 - INFO - save_as_csv - Data for FICO saved to data/2018/FICO_2018.csv
13:49 - INFO - get_data - Fetched FAST for the year 2018
13:49 - INFO - save_as_csv - Data for FAST saved to data/2018/FAST_2018.csv
13:49 - INFO - get_data - Fetched FRT for the year 2018
13:49 - INFO - save_as_csv - Data for FRT saved to data/2018/FRT_2018.csv
13:49 - INFO - get_data - Fetched FDX for the year 2018
13:49 - INFO - save_as_csv - Data for FDX saved to data/2018/FDX_2018.csv
13:49 - INFO - get_data - Fetched FIS for the year 2018
13:49 - INFO - save_as_csv - Data for FIS saved to data/2018/FIS_2018.csv
13:49 - INFO - get_data - Fetched FITB for the year 2018
13:49 - INFO - save_as_csv - Data for FITB saved to data/2018/FITB_2018.csv
13:50 - INFO - get_data - Fetched FSLR for the year 2018
13:50 - INFO - save_as_csv - Data for FSLR saved to data/2018/FSLR_2018.csv
13:50 - INFO - get_data - Fetched FE for the year 2018
13:50 - INFO - save_as_csv - Data for FE saved to data/2018/FE_2018.csv
13:50 - INFO - get_data - Fetched FI for the year 2018
13:50 - INFO - save_as_csv - Data for FI saved to data/2018/FI_2018.csv
13:50 - INFO - get_data - Fetched FMC for the year 2018
13:50 - INFO - save_as_csv - Data for FMC saved to data/2018/FMC_2018.csv
13:50 - INFO - get_data - Fetched F for the year 2018
13:50 - INFO - save_as_csv - Data for F saved to data/2018/F_2018.csv
13:51 - INFO - get_data - Fetched FTNT for the year 2018
13:51 - INFO - save_as_csv - Data for FTNT saved to data/2018/FTNT_2018.csv
13:51 - INFO - get_data - Fetched FTV for the year 2018
13:51 - INFO - save_as_csv - Data for FTV saved to data/2018/FTV_2018.csv
13:51 - INFO - get_data - Fetched FOXA for the year 2018
13:51 - INFO - get_data - Fetched FOX for the year 2018
13:52 - INFO - get_data - Fetched BEN for the year 2018
13:52 - INFO - save_as_csv - Data for BEN saved to data/2018/BEN_2018.csv
13:52 - INFO - get_data - Fetched FCX for the year 2018
13:52 - INFO - save_as_csv - Data for FCX saved to data/2018/FCX_2018.csv
13:52 - INFO - get_data - Fetched GRMN for the year 2018
13:52 - INFO - save_as_csv - Data for GRMN saved to data/2018/GRMN_2018.csv
13:52 - INFO - get_data - Fetched IT for the year 2018
13:52 - INFO - save_as_csv - Data for IT saved to data/2018/IT_2018.csv
13:53 - INFO - get_data - Fetched GE for the year 2018
13:53 - INFO - save_as_csv - Data for GE saved to data/2018/GE_2018.csv
13:53 - INFO - get_data - Fetched GEHC for the year 2018
13:53 - INFO - get_data - Fetched GEV for the year 2018
13:53 - INFO - get_data - Fetched GEN for the year 2018
13:53 - INFO - save_as_csv - Data for GEN saved to data/2018/GEN_2018.csv
13:53 - INFO - get_data - Fetched GNRC for the year 2018
13:53 - INFO - save_as_csv - Data for GNRC saved to data/2018/GNRC_2018.csv
13:54 - INFO - get_data - Fetched GD for the year 2018
13:54 - INFO - save_as_csv - Data for GD saved to data/2018/GD_2018.csv
13:54 - INFO - get_data - Fetched GIS for the year 2018
13:54 - INFO - save_as_csv - Data for GIS saved to data/2018/GIS_2018.csv
13:54 - INFO - get_data - Fetched GM for the year 2018
13:54 - INFO - save_as_csv - Data for GM saved to data/2018/GM_2018.csv
13:54 - INFO - get_data - Fetched GPC for the year 2018
13:54 - INFO - save_as_csv - Data for GPC saved to data/2018/GPC_2018.csv
13:54 - INFO - get_data - Fetched GILD for the year 2018
13:54 - INFO - save_as_csv - Data for GILD saved to data/2018/GILD_2018.csv
13:55 - INFO - get_data - Fetched GPN for the year 2018
13:55 - INFO - save_as_csv - Data for GPN saved to data/2018/GPN_2018.csv
13:55 - INFO - get_data - Fetched GL for the year 2018
13:55 - INFO - save_as_csv - Data for GL saved to data/2018/GL_2018.csv
13:55 - INFO - get_data - Fetched GDDY for the year 2018
13:55 - INFO - save_as_csv - Data for GDDY saved to data/2018/GDDY_2018.csv
13:55 - INFO - get_data - Fetched GS for the year 2018
13:55 - INFO - save_as_csv - Data for GS saved to data/2018/GS_2018.csv
13:56 - INFO - get_data - Fetched HAL for the year 2018
13:56 - INFO - save_as_csv - Data for HAL saved to data/2018/HAL_2018.csv
13:56 - INFO - get_data - Fetched HIG for the year 2018
13:56 - INFO - save_as_csv - Data for HIG saved to data/2018/HIG_2018.csv
13:56 - INFO - get_data - Fetched HAS for the year 2018
13:56 - INFO - save_as_csv - Data for HAS saved to data/2018/HAS_2018.csv
13:56 - INFO - get_data - Fetched HCA for the year 2018
13:56 - INFO - save_as_csv - Data for HCA saved to data/2018/HCA_2018.csv
13:56 - INFO - get_data - Fetched DOC for the year 2018
13:56 - INFO - save_as_csv - Data for DOC saved to data/2018/DOC_2018.csv
13:57 - INFO - get_data - Fetched HSIC for the year 2018
13:57 - INFO - save_as_csv - Data for HSIC saved to data/2018/HSIC_2018.csv
13:57 - INFO - get_data - Fetched HSY for the year 2018
13:57 - INFO - save_as_csv - Data for HSY saved to data/2018/HSY_2018.csv
13:57 - INFO - get_data - Fetched HES for the year 2018
13:57 - INFO - save_as_csv - Data for HES saved to data/2018/HES_2018.csv
13:57 - INFO - get_data - Fetched HPE for the year 2018
13:57 - INFO - save_as_csv - Data for HPE saved to data/2018/HPE_2018.csv
13:57 - INFO - get_data - Fetched HLT for the year 2018
13:57 - INFO - save_as_csv - Data for HLT saved to data/2018/HLT_2018.csv
13:58 - INFO - check_data_exists - Data for HOLX in 2018 already exists. Skipping download.
13:58 - INFO - get_data - Fetched HD for the year 2018
13:58 - INFO - save_as_csv - Data for HD saved to data/2018/HD_2018.csv
13:58 - INFO - get_data - Fetched HON for the year 2018
13:58 - INFO - save_as_csv - Data for HON saved to data/2018/HON_2018.csv
13:58 - INFO - get_data - Fetched HRL for the year 2018
13:58 - INFO - save_as_csv - Data for HRL saved to data/2018/HRL_2018.csv
13:58 - INFO - get_data - Fetched HST for the year 2018
13:58 - INFO - save_as_csv - Data for HST saved to data/2018/HST_2018.csv
13:58 - INFO - get_data - Fetched HWM for the year 2018
13:58 - INFO - save_as_csv - Data for HWM saved to data/2018/HWM_2018.csv
13:59 - INFO - get_data - Fetched HPQ for the year 2018
13:59 - INFO - save_as_csv - Data for HPQ saved to data/2018/HPQ_2018.csv
13:59 - INFO - get_data - Fetched HUBB for the year 2018
13:59 - INFO - save_as_csv - Data for HUBB saved to data/2018/HUBB_2018.csv
13:59 - INFO - get_data - Fetched HUM for the year 2018
13:59 - INFO - save_as_csv - Data for HUM saved to data/2018/HUM_2018.csv
13:59 - INFO - get_data - Fetched HBAN for the year 2018
13:59 - INFO - save_as_csv - Data for HBAN saved to data/2018/HBAN_2018.csv
13:59 - INFO - get_data - Fetched HII for the year 2018
13:59 - INFO - save_as_csv - Data for HII saved to data/2018/HII_2018.csv
14:00 - INFO - get_data - Fetched IBM for the year 2018
14:00 - INFO - save_as_csv - Data for IBM saved to data/2018/IBM_2018.csv
14:00 - INFO - get_data - Fetched IEX for the year 2018
14:00 - INFO - save_as_csv - Data for IEX saved to data/2018/IEX_2018.csv
14:00 - INFO - get_data - Fetched IDXX for the year 2018
14:00 - INFO - save_as_csv - Data for IDXX saved to data/2018/IDXX_2018.csv
14:00 - INFO - get_data - Fetched ITW for the year 2018
14:00 - INFO - save_as_csv - Data for ITW saved to data/2018/ITW_2018.csv
14:00 - INFO - get_data - Fetched INCY for the year 2018
14:00 - INFO - save_as_csv - Data for INCY saved to data/2018/INCY_2018.csv
14:01 - INFO - get_data - Fetched IR for the year 2018
14:01 - INFO - save_as_csv - Data for IR saved to data/2018/IR_2018.csv
14:01 - INFO - get_data - Fetched PODD for the year 2018
14:01 - INFO - save_as_csv - Data for PODD saved to data/2018/PODD_2018.csv
14:01 - INFO - get_data - Fetched INTC for the year 2018
14:01 - INFO - save_as_csv - Data for INTC saved to data/2018/INTC_2018.csv
14:01 - INFO - get_data - Fetched ICE for the year 2018
14:01 - INFO - save_as_csv - Data for ICE saved to data/2018/ICE_2018.csv
14:02 - INFO - get_data - Fetched IFF for the year 2018
14:02 - INFO - save_as_csv - Data for IFF saved to data/2018/IFF_2018.csv
14:02 - INFO - get_data - Fetched IP for the year 2018
14:02 - INFO - save_as_csv - Data for IP saved to data/2018/IP_2018.csv
14:02 - INFO - get_data - Fetched IPG for the year 2018
14:02 - INFO - save_as_csv - Data for IPG saved to data/2018/IPG_2018.csv
14:02 - INFO - get_data - Fetched INTU for the year 2018
14:02 - INFO - save_as_csv - Data for INTU saved to data/2018/INTU_2018.csv
14:02 - INFO - get_data - Fetched ISRG for the year 2018
14:02 - INFO - save_as_csv - Data for ISRG saved to data/2018/ISRG_2018.csv
14:03 - INFO - get_data - Fetched IVZ for the year 2018
14:03 - INFO - save_as_csv - Data for IVZ saved to data/2018/IVZ_2018.csv
14:03 - INFO - get_data - Fetched INVH for the year 2018
14:03 - INFO - save_as_csv - Data for INVH saved to data/2018/INVH_2018.csv
14:03 - INFO - get_data - Fetched IQV for the year 2018
14:03 - INFO - save_as_csv - Data for IQV saved to data/2018/IQV_2018.csv
14:03 - INFO - check_data_exists - Data for IRM in 2018 already exists. Skipping download.
14:03 - INFO - get_data - Fetched JBHT for the year 2018
14:03 - INFO - save_as_csv - Data for JBHT saved to data/2018/JBHT_2018.csv
14:03 - INFO - get_data - Fetched JBL for the year 2018
14:03 - INFO - save_as_csv - Data for JBL saved to data/2018/JBL_2018.csv
14:04 - INFO - check_data_exists - Data for JKHY in 2018 already exists. Skipping download.
14:04 - INFO - get_data - Fetched J for the year 2018
14:04 - INFO - save_as_csv - Data for J saved to data/2018/J_2018.csv
14:04 - INFO - get_data - Fetched JNJ for the year 2018
14:04 - INFO - save_as_csv - Data for JNJ saved to data/2018/JNJ_2018.csv
14:04 - INFO - get_data - Fetched JCI for the year 2018
14:04 - INFO - save_as_csv - Data for JCI saved to data/2018/JCI_2018.csv
14:04 - INFO - get_data - Fetched JPM for the year 2018
14:04 - INFO - save_as_csv - Data for JPM saved to data/2018/JPM_2018.csv
14:04 - INFO - get_data - Fetched JNPR for the year 2018
14:04 - INFO - save_as_csv - Data for JNPR saved to data/2018/JNPR_2018.csv
14:05 - INFO - get_data - Fetched K for the year 2018
14:05 - INFO - save_as_csv - Data for K saved to data/2018/K_2018.csv
14:05 - INFO - get_data - Fetched KVUE for the year 2018
14:05 - INFO - get_data - Fetched KDP for the year 2018
14:05 - INFO - save_as_csv - Data for KDP saved to data/2018/KDP_2018.csv
14:05 - INFO - get_data - Fetched KEY for the year 2018
14:05 - INFO - save_as_csv - Data for KEY saved to data/2018/KEY_2018.csv
14:06 - INFO - get_data - Fetched KEYS for the year 2018
14:06 - INFO - save_as_csv - Data for KEYS saved to data/2018/KEYS_2018.csv
14:06 - INFO - get_data - Fetched KMB for the year 2018
14:06 - INFO - save_as_csv - Data for KMB saved to data/2018/KMB_2018.csv
14:06 - INFO - get_data - Fetched KIM for the year 2018
14:06 - INFO - save_as_csv - Data for KIM saved to data/2018/KIM_2018.csv
14:06 - INFO - get_data - Fetched KMI for the year 2018
14:06 - INFO - save_as_csv - Data for KMI saved to data/2018/KMI_2018.csv
14:06 - INFO - get_data - Fetched KKR for the year 2018
14:06 - INFO - save_as_csv - Data for KKR saved to data/2018/KKR_2018.csv
14:07 - INFO - get_data - Fetched KLAC for the year 2018
14:07 - INFO - save_as_csv - Data for KLAC saved to data/2018/KLAC_2018.csv
14:07 - INFO - get_data - Fetched KHC for the year 2018
14:07 - INFO - save_as_csv - Data for KHC saved to data/2018/KHC_2018.csv
14:07 - INFO - get_data - Fetched KR for the year 2018
14:07 - INFO - save_as_csv - Data for KR saved to data/2018/KR_2018.csv
14:07 - INFO - get_data - Fetched LHX for the year 2018
14:07 - INFO - save_as_csv - Data for LHX saved to data/2018/LHX_2018.csv
14:07 - INFO - get_data - Fetched LH for the year 2018
14:07 - INFO - save_as_csv - Data for LH saved to data/2018/LH_2018.csv
14:08 - INFO - get_data - Fetched LRCX for the year 2018
14:08 - INFO - get_data - Fetched LW for the year 2018
14:08 - INFO - save_as_csv - Data for LW saved to data/2018/LW_2018.csv
14:08 - INFO - get_data - Fetched LVS for the year 2018
14:08 - INFO - save_as_csv - Data for LVS saved to data/2018/LVS_2018.csv
14:08 - INFO - get_data - Fetched LDOS for the year 2018
14:08 - INFO - save_as_csv - Data for LDOS saved to data/2018/LDOS_2018.csv
14:08 - INFO - get_data - Fetched LEN for the year 2018
14:08 - INFO - save_as_csv - Data for LEN saved to data/2018/LEN_2018.csv
14:09 - INFO - get_data - Fetched LLY for the year 2018
14:09 - INFO - save_as_csv - Data for LLY saved to data/2018/LLY_2018.csv
14:09 - INFO - get_data - Fetched LIN for the year 2018
14:09 - INFO - save_as_csv - Data for LIN saved to data/2018/LIN_2018.csv
14:09 - INFO - get_data - Fetched LYV for the year 2018
14:09 - INFO - save_as_csv - Data for LYV saved to data/2018/LYV_2018.csv
14:09 - INFO - get_data - Fetched LKQ for the year 2018
14:09 - INFO - save_as_csv - Data for LKQ saved to data/2018/LKQ_2018.csv
14:10 - INFO - get_data - Fetched LMT for the year 2018
14:10 - INFO - save_as_csv - Data for LMT saved to data/2018/LMT_2018.csv
14:10 - INFO - get_data - Fetched L for the year 2018
14:10 - INFO - save_as_csv - Data for L saved to data/2018/L_2018.csv
14:10 - INFO - get_data - Fetched LOW for the year 2018
14:10 - INFO - save_as_csv - Data for LOW saved to data/2018/LOW_2018.csv
14:10 - INFO - get_data - Fetched LULU for the year 2018
14:10 - INFO - save_as_csv - Data for LULU saved to data/2018/LULU_2018.csv
14:10 - INFO - get_data - Fetched LYB for the year 2018
14:10 - INFO - save_as_csv - Data for LYB saved to data/2018/LYB_2018.csv
14:11 - INFO - get_data - Fetched MTB for the year 2018
14:11 - INFO - save_as_csv - Data for MTB saved to data/2018/MTB_2018.csv
14:11 - INFO - get_data - Fetched MRO for the year 2018
14:11 - INFO - save_as_csv - Data for MRO saved to data/2018/MRO_2018.csv
14:11 - INFO - get_data - Fetched MPC for the year 2018
14:11 - INFO - save_as_csv - Data for MPC saved to data/2018/MPC_2018.csv
14:11 - INFO - get_data - Fetched MKTX for the year 2018
14:11 - INFO - save_as_csv - Data for MKTX saved to data/2018/MKTX_2018.csv
14:11 - INFO - get_data - Fetched MAR for the year 2018
14:11 - INFO - save_as_csv - Data for MAR saved to data/2018/MAR_2018.csv
14:12 - INFO - get_data - Fetched MMC for the year 2018
14:12 - INFO - save_as_csv - Data for MMC saved to data/2018/MMC_2018.csv
14:12 - INFO - get_data - Fetched MLM for the year 2018
14:12 - INFO - save_as_csv - Data for MLM saved to data/2018/MLM_2018.csv
14:12 - INFO - get_data - Fetched MAS for the year 2018
14:12 - INFO - save_as_csv - Data for MAS saved to data/2018/MAS_2018.csv
14:12 - INFO - check_data_exists - Data for MA in 2018 already exists. Skipping download.
14:12 - INFO - get_data - Fetched MTCH for the year 2018
14:12 - INFO - save_as_csv - Data for MTCH saved to data/2018/MTCH_2018.csv
14:12 - INFO - get_data - Fetched MKC for the year 2018
14:12 - INFO - save_as_csv - Data for MKC saved to data/2018/MKC_2018.csv
14:13 - INFO - get_data - Fetched MCD for the year 2018
14:13 - INFO - save_as_csv - Data for MCD saved to data/2018/MCD_2018.csv
14:13 - INFO - get_data - Fetched MCK for the year 2018
14:13 - INFO - save_as_csv - Data for MCK saved to data/2018/MCK_2018.csv
14:13 - INFO - get_data - Fetched MDT for the year 2018
14:13 - INFO - save_as_csv - Data for MDT saved to data/2018/MDT_2018.csv
14:13 - INFO - get_data - Fetched MRK for the year 2018
14:13 - INFO - save_as_csv - Data for MRK saved to data/2018/MRK_2018.csv
14:13 - INFO - get_data - Fetched META for the year 2018
14:13 - INFO - save_as_csv - Data for META saved to data/2018/META_2018.csv
14:14 - INFO - get_data - Fetched MET for the year 2018
14:14 - INFO - save_as_csv - Data for MET saved to data/2018/MET_2018.csv
14:14 - INFO - get_data - Fetched MTD for the year 2018
14:14 - INFO - save_as_csv - Data for MTD saved to data/2018/MTD_2018.csv
14:14 - INFO - get_data - Fetched MGM for the year 2018
14:14 - INFO - save_as_csv - Data for MGM saved to data/2018/MGM_2018.csv
14:14 - INFO - get_data - Fetched MCHP for the year 2018
14:14 - INFO - save_as_csv - Data for MCHP saved to data/2018/MCHP_2018.csv
14:15 - INFO - get_data - Fetched MU for the year 2018
14:15 - INFO - save_as_csv - Data for MU saved to data/2018/MU_2018.csv
14:15 - INFO - get_data - Fetched MSFT for the year 2018
14:15 - INFO - save_as_csv - Data for MSFT saved to data/2018/MSFT_2018.csv
14:15 - INFO - get_data - Fetched MAA for the year 2018
14:15 - INFO - save_as_csv - Data for MAA saved to data/2018/MAA_2018.csv
14:15 - INFO - get_data - Fetched MRNA for the year 2018
14:15 - INFO - save_as_csv - Data for MRNA saved to data/2018/MRNA_2018.csv
14:15 - INFO - get_data - Fetched MHK for the year 2018
14:15 - INFO - save_as_csv - Data for MHK saved to data/2018/MHK_2018.csv
14:16 - INFO - get_data - Fetched MOH for the year 2018
14:16 - INFO - save_as_csv - Data for MOH saved to data/2018/MOH_2018.csv
14:16 - INFO - get_data - Fetched TAP for the year 2018
14:16 - INFO - save_as_csv - Data for TAP saved to data/2018/TAP_2018.csv
14:16 - INFO - get_data - Fetched MDLZ for the year 2018
14:16 - INFO - save_as_csv - Data for MDLZ saved to data/2018/MDLZ_2018.csv
14:16 - INFO - get_data - Fetched MPWR for the year 2018
14:16 - INFO - save_as_csv - Data for MPWR saved to data/2018/MPWR_2018.csv
14:16 - INFO - get_data - Fetched MNST for the year 2018
14:16 - INFO - save_as_csv - Data for MNST saved to data/2018/MNST_2018.csv
14:17 - INFO - get_data - Fetched MCO for the year 2018
14:17 - INFO - save_as_csv - Data for MCO saved to data/2018/MCO_2018.csv
14:17 - INFO - get_data - Fetched MS for the year 2018
14:17 - INFO - save_as_csv - Data for MS saved to data/2018/MS_2018.csv
14:17 - INFO - get_data - Fetched MOS for the year 2018
14:17 - INFO - save_as_csv - Data for MOS saved to data/2018/MOS_2018.csv
14:17 - INFO - get_data - Fetched MSI for the year 2018
14:17 - INFO - save_as_csv - Data for MSI saved to data/2018/MSI_2018.csv
14:17 - INFO - get_data - Fetched MSCI for the year 2018
14:17 - INFO - save_as_csv - Data for MSCI saved to data/2018/MSCI_2018.csv
14:18 - INFO - get_data - Fetched NDAQ for the year 2018
14:18 - INFO - save_as_csv - Data for NDAQ saved to data/2018/NDAQ_2018.csv
14:18 - INFO - get_data - Fetched NTAP for the year 2018
14:18 - INFO - save_as_csv - Data for NTAP saved to data/2018/NTAP_2018.csv
14:18 - INFO - get_data - Fetched NFLX for the year 2018
14:18 - INFO - save_as_csv - Data for NFLX saved to data/2018/NFLX_2018.csv
14:18 - INFO - get_data - Fetched NEM for the year 2018
14:18 - INFO - save_as_csv - Data for NEM saved to data/2018/NEM_2018.csv
14:18 - INFO - get_data - Fetched NWSA for the year 2018
14:18 - INFO - save_as_csv - Data for NWSA saved to data/2018/NWSA_2018.csv
14:19 - INFO - get_data - Fetched NWS for the year 2018
14:19 - INFO - save_as_csv - Data for NWS saved to data/2018/NWS_2018.csv
14:19 - INFO - get_data - Fetched NEE for the year 2018
14:19 - INFO - save_as_csv - Data for NEE saved to data/2018/NEE_2018.csv
14:19 - INFO - get_data - Fetched NKE for the year 2018
14:19 - INFO - save_as_csv - Data for NKE saved to data/2018/NKE_2018.csv
14:19 - INFO - get_data - Fetched NI for the year 2018
14:19 - INFO - save_as_csv - Data for NI saved to data/2018/NI_2018.csv
14:19 - INFO - get_data - Fetched NDSN for the year 2018
14:19 - INFO - save_as_csv - Data for NDSN saved to data/2018/NDSN_2018.csv
14:20 - INFO - get_data - Fetched NSC for the year 2018
14:20 - INFO - save_as_csv - Data for NSC saved to data/2018/NSC_2018.csv
14:20 - INFO - get_data - Fetched NTRS for the year 2018
14:20 - INFO - save_as_csv - Data for NTRS saved to data/2018/NTRS_2018.csv
14:20 - INFO - get_data - Fetched NOC for the year 2018
14:20 - INFO - save_as_csv - Data for NOC saved to data/2018/NOC_2018.csv
14:20 - INFO - get_data - Fetched NCLH for the year 2018
14:20 - INFO - save_as_csv - Data for NCLH saved to data/2018/NCLH_2018.csv
14:21 - INFO - get_data - Fetched NRG for the year 2018
14:21 - INFO - save_as_csv - Data for NRG saved to data/2018/NRG_2018.csv
14:21 - INFO - get_data - Fetched NUE for the year 2018
14:21 - INFO - save_as_csv - Data for NUE saved to data/2018/NUE_2018.csv
14:21 - INFO - get_data - Fetched NVDA for the year 2018
14:21 - INFO - save_as_csv - Data for NVDA saved to data/2018/NVDA_2018.csv
14:21 - INFO - get_data - Fetched NVR for the year 2018
14:21 - INFO - save_as_csv - Data for NVR saved to data/2018/NVR_2018.csv
14:21 - INFO - get_data - Fetched NXPI for the year 2018
14:21 - INFO - save_as_csv - Data for NXPI saved to data/2018/NXPI_2018.csv
14:22 - INFO - get_data - Fetched ORLY for the year 2018
14:22 - INFO - save_as_csv - Data for ORLY saved to data/2018/ORLY_2018.csv
14:22 - INFO - get_data - Fetched OXY for the year 2018
14:22 - INFO - save_as_csv - Data for OXY saved to data/2018/OXY_2018.csv
14:22 - INFO - get_data - Fetched ODFL for the year 2018
14:22 - INFO - save_as_csv - Data for ODFL saved to data/2018/ODFL_2018.csv
14:22 - INFO - get_data - Fetched OMC for the year 2018
14:22 - INFO - save_as_csv - Data for OMC saved to data/2018/OMC_2018.csv
14:22 - INFO - get_data - Fetched ON for the year 2018
14:22 - INFO - save_as_csv - Data for ON saved to data/2018/ON_2018.csv
14:23 - INFO - get_data - Fetched OKE for the year 2018
14:23 - INFO - save_as_csv - Data for OKE saved to data/2018/OKE_2018.csv
14:23 - INFO - get_data - Fetched ORCL for the year 2018
14:23 - INFO - save_as_csv - Data for ORCL saved to data/2018/ORCL_2018.csv
14:23 - INFO - get_data - Fetched OTIS for the year 2018
14:23 - INFO - get_data - Fetched PCAR for the year 2018
14:23 - INFO - save_as_csv - Data for PCAR saved to data/2018/PCAR_2018.csv
14:24 - INFO - get_data - Fetched PKG for the year 2018
14:24 - INFO - save_as_csv - Data for PKG saved to data/2018/PKG_2018.csv
14:24 - INFO - get_data - Fetched PLTR for the year 2018
14:24 - INFO - get_data - Fetched PANW for the year 2018
14:24 - INFO - save_as_csv - Data for PANW saved to data/2018/PANW_2018.csv
14:25 - INFO - get_data - Fetched PARA for the year 2018
14:25 - INFO - save_as_csv - Data for PARA saved to data/2018/PARA_2018.csv
14:25 - INFO - get_data - Fetched PH for the year 2018
14:25 - INFO - save_as_csv - Data for PH saved to data/2018/PH_2018.csv
14:25 - INFO - get_data - Fetched PAYX for the year 2018
14:25 - INFO - save_as_csv - Data for PAYX saved to data/2018/PAYX_2018.csv
14:25 - INFO - get_data - Fetched PAYC for the year 2018
14:25 - INFO - save_as_csv - Data for PAYC saved to data/2018/PAYC_2018.csv
14:26 - INFO - get_data - Fetched PYPL for the year 2018
14:26 - INFO - save_as_csv - Data for PYPL saved to data/2018/PYPL_2018.csv
14:26 - INFO - get_data - Fetched PNR for the year 2018
14:26 - INFO - save_as_csv - Data for PNR saved to data/2018/PNR_2018.csv
14:26 - INFO - get_data - Fetched PEP for the year 2018
14:26 - INFO - save_as_csv - Data for PEP saved to data/2018/PEP_2018.csv
14:26 - INFO - get_data - Fetched PFE for the year 2018
14:26 - INFO - save_as_csv - Data for PFE saved to data/2018/PFE_2018.csv
14:26 - INFO - get_data - Fetched PCG for the year 2018
14:26 - INFO - save_as_csv - Data for PCG saved to data/2018/PCG_2018.csv
14:27 - INFO - get_data - Fetched PM for the year 2018
14:27 - INFO - save_as_csv - Data for PM saved to data/2018/PM_2018.csv
14:27 - INFO - get_data - Fetched PSX for the year 2018
14:27 - INFO - save_as_csv - Data for PSX saved to data/2018/PSX_2018.csv
14:27 - INFO - get_data - Fetched PNW for the year 2018
14:27 - INFO - save_as_csv - Data for PNW saved to data/2018/PNW_2018.csv
14:27 - INFO - get_data - Fetched PNC for the year 2018
14:27 - INFO - save_as_csv - Data for PNC saved to data/2018/PNC_2018.csv
14:28 - INFO - get_data - Fetched POOL for the year 2018
14:28 - INFO - save_as_csv - Data for POOL saved to data/2018/POOL_2018.csv
14:28 - INFO - get_data - Fetched PPG for the year 2018
14:28 - INFO - save_as_csv - Data for PPG saved to data/2018/PPG_2018.csv
14:28 - INFO - get_data - Fetched PPL for the year 2018
14:28 - INFO - save_as_csv - Data for PPL saved to data/2018/PPL_2018.csv
14:28 - INFO - get_data - Fetched PFG for the year 2018
14:28 - INFO - save_as_csv - Data for PFG saved to data/2018/PFG_2018.csv
14:29 - INFO - get_data - Fetched PG for the year 2018
14:29 - INFO - save_as_csv - Data for PG saved to data/2018/PG_2018.csv
14:29 - INFO - get_data - Fetched PGR for the year 2018
14:29 - INFO - save_as_csv - Data for PGR saved to data/2018/PGR_2018.csv
14:29 - INFO - get_data - Fetched PLD for the year 2018
14:29 - INFO - save_as_csv - Data for PLD saved to data/2018/PLD_2018.csv
14:29 - INFO - get_data - Fetched PRU for the year 2018
14:29 - INFO - save_as_csv - Data for PRU saved to data/2018/PRU_2018.csv
14:29 - INFO - get_data - Fetched PEG for the year 2018
14:29 - INFO - save_as_csv - Data for PEG saved to data/2018/PEG_2018.csv
14:30 - INFO - get_data - Fetched PTC for the year 2018
14:30 - INFO - save_as_csv - Data for PTC saved to data/2018/PTC_2018.csv
14:30 - INFO - get_data - Fetched PSA for the year 2018
14:30 - INFO - save_as_csv - Data for PSA saved to data/2018/PSA_2018.csv
14:30 - INFO - get_data - Fetched PHM for the year 2018
14:30 - INFO - save_as_csv - Data for PHM saved to data/2018/PHM_2018.csv
14:31 - INFO - get_data - Fetched QRVO for the year 2018
14:31 - INFO - save_as_csv - Data for QRVO saved to data/2018/QRVO_2018.csv
14:31 - INFO - get_data - Fetched PWR for the year 2018
14:31 - INFO - save_as_csv - Data for PWR saved to data/2018/PWR_2018.csv
14:31 - INFO - get_data - Fetched QCOM for the year 2018
14:31 - INFO - save_as_csv - Data for QCOM saved to data/2018/QCOM_2018.csv
14:31 - INFO - get_data - Fetched DGX for the year 2018
14:31 - INFO - save_as_csv - Data for DGX saved to data/2018/DGX_2018.csv
14:32 - INFO - get_data - Fetched RL for the year 2018
14:32 - INFO - save_as_csv - Data for RL saved to data/2018/RL_2018.csv
14:32 - INFO - get_data - Fetched RJF for the year 2018
14:32 - INFO - save_as_csv - Data for RJF saved to data/2018/RJF_2018.csv
14:32 - INFO - get_data - Fetched RTX for the year 2018
14:32 - INFO - save_as_csv - Data for RTX saved to data/2018/RTX_2018.csv
14:32 - INFO - get_data - Fetched O for the year 2018
14:32 - INFO - save_as_csv - Data for O saved to data/2018/O_2018.csv
14:32 - INFO - get_data - Fetched REG for the year 2018
14:32 - INFO - save_as_csv - Data for REG saved to data/2018/REG_2018.csv
14:33 - INFO - get_data - Fetched REGN for the year 2018
14:33 - INFO - save_as_csv - Data for REGN saved to data/2018/REGN_2018.csv
14:33 - INFO - get_data - Fetched RF for the year 2018
14:33 - INFO - save_as_csv - Data for RF saved to data/2018/RF_2018.csv
14:33 - INFO - get_data - Fetched RSG for the year 2018
14:33 - INFO - save_as_csv - Data for RSG saved to data/2018/RSG_2018.csv
14:33 - INFO - get_data - Fetched RMD for the year 2018
14:33 - INFO - save_as_csv - Data for RMD saved to data/2018/RMD_2018.csv
14:34 - INFO - get_data - Fetched RVTY for the year 2018
14:34 - INFO - save_as_csv - Data for RVTY saved to data/2018/RVTY_2018.csv
14:34 - INFO - get_data - Fetched ROK for the year 2018
14:34 - INFO - save_as_csv - Data for ROK saved to data/2018/ROK_2018.csv
14:34 - INFO - get_data - Fetched ROL for the year 2018
14:34 - INFO - save_as_csv - Data for ROL saved to data/2018/ROL_2018.csv
14:35 - INFO - get_data - Fetched ROP for the year 2018
14:35 - INFO - save_as_csv - Data for ROP saved to data/2018/ROP_2018.csv
14:35 - INFO - get_data - Fetched ROST for the year 2018
14:35 - INFO - save_as_csv - Data for ROST saved to data/2018/ROST_2018.csv
14:35 - INFO - get_data - Fetched RCL for the year 2018
14:35 - INFO - save_as_csv - Data for RCL saved to data/2018/RCL_2018.csv
14:35 - INFO - get_data - Fetched SPGI for the year 2018
14:35 - INFO - save_as_csv - Data for SPGI saved to data/2018/SPGI_2018.csv
14:36 - INFO - get_data - Fetched CRM for the year 2018
14:36 - INFO - save_as_csv - Data for CRM saved to data/2018/CRM_2018.csv
14:36 - INFO - get_data - Fetched SBAC for the year 2018
14:36 - INFO - save_as_csv - Data for SBAC saved to data/2018/SBAC_2018.csv
14:36 - INFO - get_data - Fetched SLB for the year 2018
14:36 - INFO - save_as_csv - Data for SLB saved to data/2018/SLB_2018.csv
14:36 - INFO - get_data - Fetched STX for the year 2018
14:36 - INFO - save_as_csv - Data for STX saved to data/2018/STX_2018.csv
14:37 - INFO - get_data - Fetched SRE for the year 2018
14:37 - INFO - save_as_csv - Data for SRE saved to data/2018/SRE_2018.csv
14:37 - INFO - get_data - Fetched NOW for the year 2018
14:37 - INFO - save_as_csv - Data for NOW saved to data/2018/NOW_2018.csv
14:37 - INFO - get_data - Fetched SHW for the year 2018
14:37 - INFO - save_as_csv - Data for SHW saved to data/2018/SHW_2018.csv
14:37 - INFO - get_data - Fetched SPG for the year 2018
14:37 - INFO - save_as_csv - Data for SPG saved to data/2018/SPG_2018.csv
14:37 - INFO - get_data - Fetched SWKS for the year 2018
14:37 - INFO - save_as_csv - Data for SWKS saved to data/2018/SWKS_2018.csv
14:38 - INFO - get_data - Fetched SJM for the year 2018
14:38 - INFO - save_as_csv - Data for SJM saved to data/2018/SJM_2018.csv
14:38 - INFO - get_data - Fetched SW for the year 2018
14:38 - INFO - get_data - Fetched SNA for the year 2018
14:38 - INFO - save_as_csv - Data for SNA saved to data/2018/SNA_2018.csv
14:38 - INFO - get_data - Fetched SOLV for the year 2018
14:39 - INFO - get_data - Fetched SO for the year 2018
14:39 - INFO - save_as_csv - Data for SO saved to data/2018/SO_2018.csv
14:39 - INFO - get_data - Fetched LUV for the year 2018
14:39 - INFO - save_as_csv - Data for LUV saved to data/2018/LUV_2018.csv
14:39 - INFO - get_data - Fetched SWK for the year 2018
14:39 - INFO - save_as_csv - Data for SWK saved to data/2018/SWK_2018.csv
14:39 - INFO - get_data - Fetched SBUX for the year 2018
14:39 - INFO - save_as_csv - Data for SBUX saved to data/2018/SBUX_2018.csv
14:39 - INFO - get_data - Fetched STT for the year 2018
14:39 - INFO - save_as_csv - Data for STT saved to data/2018/STT_2018.csv
14:40 - INFO - get_data - Fetched STLD for the year 2018
14:40 - INFO - save_as_csv - Data for STLD saved to data/2018/STLD_2018.csv
14:40 - INFO - get_data - Fetched STE for the year 2018
14:40 - INFO - save_as_csv - Data for STE saved to data/2018/STE_2018.csv
14:40 - INFO - get_data - Fetched SYK for the year 2018
14:40 - INFO - save_as_csv - Data for SYK saved to data/2018/SYK_2018.csv
14:40 - INFO - get_data - Fetched SMCI for the year 2018
14:40 - INFO - save_as_csv - Data for SMCI saved to data/2018/SMCI_2018.csv
14:41 - INFO - get_data - Fetched SYF for the year 2018
14:41 - INFO - save_as_csv - Data for SYF saved to data/2018/SYF_2018.csv
14:41 - INFO - get_data - Fetched SNPS for the year 2018
14:41 - INFO - save_as_csv - Data for SNPS saved to data/2018/SNPS_2018.csv
14:41 - INFO - get_data - Fetched SYY for the year 2018
14:41 - INFO - save_as_csv - Data for SYY saved to data/2018/SYY_2018.csv
14:41 - INFO - get_data - Fetched TMUS for the year 2018
14:41 - INFO - save_as_csv - Data for TMUS saved to data/2018/TMUS_2018.csv
14:41 - INFO - get_data - Fetched TROW for the year 2018
14:41 - INFO - save_as_csv - Data for TROW saved to data/2018/TROW_2018.csv
14:42 - INFO - get_data - Fetched TTWO for the year 2018
14:42 - INFO - save_as_csv - Data for TTWO saved to data/2018/TTWO_2018.csv
14:42 - INFO - get_data - Fetched TPR for the year 2018
14:42 - INFO - save_as_csv - Data for TPR saved to data/2018/TPR_2018.csv
14:42 - INFO - get_data - Fetched TRGP for the year 2018
14:42 - INFO - save_as_csv - Data for TRGP saved to data/2018/TRGP_2018.csv
14:42 - INFO - get_data - Fetched TGT for the year 2018
14:42 - INFO - save_as_csv - Data for TGT saved to data/2018/TGT_2018.csv
14:43 - INFO - get_data - Fetched TEL for the year 2018
14:43 - INFO - save_as_csv - Data for TEL saved to data/2018/TEL_2018.csv
14:43 - INFO - get_data - Fetched TDY for the year 2018
14:43 - INFO - save_as_csv - Data for TDY saved to data/2018/TDY_2018.csv
14:43 - INFO - get_data - Fetched TFX for the year 2018
14:43 - INFO - save_as_csv - Data for TFX saved to data/2018/TFX_2018.csv
14:43 - INFO - get_data - Fetched TER for the year 2018
14:43 - INFO - save_as_csv - Data for TER saved to data/2018/TER_2018.csv
14:43 - INFO - get_data - Fetched TSLA for the year 2018
14:43 - INFO - save_as_csv - Data for TSLA saved to data/2018/TSLA_2018.csv
14:44 - INFO - get_data - Fetched TXN for the year 2018
14:44 - INFO - save_as_csv - Data for TXN saved to data/2018/TXN_2018.csv
14:44 - INFO - get_data - Fetched TXT for the year 2018
14:44 - INFO - save_as_csv - Data for TXT saved to data/2018/TXT_2018.csv
14:44 - INFO - get_data - Fetched TMO for the year 2018
14:44 - INFO - save_as_csv - Data for TMO saved to data/2018/TMO_2018.csv
14:44 - INFO - get_data - Fetched TJX for the year 2018
14:44 - INFO - save_as_csv - Data for TJX saved to data/2018/TJX_2018.csv
14:44 - INFO - get_data - Fetched TSCO for the year 2018
14:44 - INFO - save_as_csv - Data for TSCO saved to data/2018/TSCO_2018.csv
14:45 - INFO - get_data - Fetched TT for the year 2018
14:45 - INFO - save_as_csv - Data for TT saved to data/2018/TT_2018.csv
14:45 - INFO - get_data - Fetched TDG for the year 2018
14:45 - INFO - save_as_csv - Data for TDG saved to data/2018/TDG_2018.csv
14:45 - INFO - get_data - Fetched TRV for the year 2018
14:45 - INFO - save_as_csv - Data for TRV saved to data/2018/TRV_2018.csv
14:45 - INFO - get_data - Fetched TRMB for the year 2018
14:45 - INFO - save_as_csv - Data for TRMB saved to data/2018/TRMB_2018.csv
14:46 - INFO - get_data - Fetched TFC for the year 2018
14:46 - INFO - save_as_csv - Data for TFC saved to data/2018/TFC_2018.csv
14:46 - INFO - get_data - Fetched TYL for the year 2018
14:46 - INFO - save_as_csv - Data for TYL saved to data/2018/TYL_2018.csv
14:46 - INFO - get_data - Fetched TSN for the year 2018
14:46 - INFO - save_as_csv - Data for TSN saved to data/2018/TSN_2018.csv
14:46 - INFO - get_data - Fetched USB for the year 2018
14:46 - INFO - save_as_csv - Data for USB saved to data/2018/USB_2018.csv
14:46 - INFO - get_data - Fetched UBER for the year 2018
14:47 - INFO - get_data - Fetched UDR for the year 2018
14:47 - INFO - save_as_csv - Data for UDR saved to data/2018/UDR_2018.csv
14:47 - INFO - get_data - Fetched ULTA for the year 2018
14:47 - INFO - save_as_csv - Data for ULTA saved to data/2018/ULTA_2018.csv
14:47 - INFO - get_data - Fetched UNP for the year 2018
14:47 - INFO - save_as_csv - Data for UNP saved to data/2018/UNP_2018.csv
14:47 - INFO - get_data - Fetched UAL for the year 2018
14:47 - INFO - save_as_csv - Data for UAL saved to data/2018/UAL_2018.csv
14:48 - INFO - get_data - Fetched UPS for the year 2018
14:48 - INFO - save_as_csv - Data for UPS saved to data/2018/UPS_2018.csv
14:48 - INFO - get_data - Fetched URI for the year 2018
14:48 - INFO - save_as_csv - Data for URI saved to data/2018/URI_2018.csv
14:48 - INFO - get_data - Fetched UNH for the year 2018
14:48 - INFO - save_as_csv - Data for UNH saved to data/2018/UNH_2018.csv
14:48 - INFO - get_data - Fetched UHS for the year 2018
14:48 - INFO - save_as_csv - Data for UHS saved to data/2018/UHS_2018.csv
14:48 - INFO - get_data - Fetched VLO for the year 2018
14:48 - INFO - save_as_csv - Data for VLO saved to data/2018/VLO_2018.csv
14:49 - INFO - get_data - Fetched VTR for the year 2018
14:49 - INFO - save_as_csv - Data for VTR saved to data/2018/VTR_2018.csv
14:49 - INFO - get_data - Fetched VLTO for the year 2018
14:49 - INFO - get_data - Fetched VRSN for the year 2018
14:49 - INFO - save_as_csv - Data for VRSN saved to data/2018/VRSN_2018.csv
14:49 - INFO - get_data - Fetched VRSK for the year 2018
14:49 - INFO - save_as_csv - Data for VRSK saved to data/2018/VRSK_2018.csv
14:49 - INFO - get_data - Fetched VZ for the year 2018
14:50 - INFO - save_as_csv - Data for VZ saved to data/2018/VZ_2018.csv
14:50 - INFO - get_data - Fetched VRTX for the year 2018
14:50 - INFO - save_as_csv - Data for VRTX saved to data/2018/VRTX_2018.csv
14:50 - INFO - get_data - Fetched VTRS for the year 2018
14:50 - INFO - save_as_csv - Data for VTRS saved to data/2018/VTRS_2018.csv
14:50 - INFO - get_data - Fetched VICI for the year 2018
14:50 - INFO - save_as_csv - Data for VICI saved to data/2018/VICI_2018.csv
14:50 - INFO - get_data - Fetched V for the year 2018
14:50 - INFO - save_as_csv - Data for V saved to data/2018/V_2018.csv
14:51 - INFO - get_data - Fetched VST for the year 2018
14:51 - INFO - save_as_csv - Data for VST saved to data/2018/VST_2018.csv
14:51 - INFO - get_data - Fetched VMC for the year 2018
14:51 - INFO - save_as_csv - Data for VMC saved to data/2018/VMC_2018.csv
14:51 - INFO - get_data - Fetched WRB for the year 2018
14:51 - INFO - save_as_csv - Data for WRB saved to data/2018/WRB_2018.csv
14:51 - INFO - get_data - Fetched GWW for the year 2018
14:51 - INFO - save_as_csv - Data for GWW saved to data/2018/GWW_2018.csv
14:52 - INFO - get_data - Fetched WAB for the year 2018
14:52 - INFO - save_as_csv - Data for WAB saved to data/2018/WAB_2018.csv
14:52 - INFO - get_data - Fetched WBA for the year 2018
14:52 - INFO - save_as_csv - Data for WBA saved to data/2018/WBA_2018.csv
14:52 - INFO - get_data - Fetched WMT for the year 2018
14:52 - INFO - save_as_csv - Data for WMT saved to data/2018/WMT_2018.csv
14:52 - INFO - get_data - Fetched DIS for the year 2018
14:52 - INFO - save_as_csv - Data for DIS saved to data/2018/DIS_2018.csv
14:52 - INFO - get_data - Fetched WBD for the year 2018
14:52 - INFO - save_as_csv - Data for WBD saved to data/2018/WBD_2018.csv
14:53 - INFO - get_data - Fetched WM for the year 2018
14:53 - INFO - save_as_csv - Data for WM saved to data/2018/WM_2018.csv
14:53 - INFO - get_data - Fetched WAT for the year 2018
14:53 - INFO - save_as_csv - Data for WAT saved to data/2018/WAT_2018.csv
14:53 - INFO - get_data - Fetched WEC for the year 2018
14:53 - INFO - save_as_csv - Data for WEC saved to data/2018/WEC_2018.csv
14:53 - INFO - get_data - Fetched WFC for the year 2018
14:53 - INFO - save_as_csv - Data for WFC saved to data/2018/WFC_2018.csv
14:53 - INFO - get_data - Fetched WELL for the year 2018
14:53 - INFO - save_as_csv - Data for WELL saved to data/2018/WELL_2018.csv
14:54 - INFO - get_data - Fetched WST for the year 2018
14:54 - INFO - save_as_csv - Data for WST saved to data/2018/WST_2018.csv
14:54 - INFO - get_data - Fetched WDC for the year 2018
14:54 - INFO - save_as_csv - Data for WDC saved to data/2018/WDC_2018.csv
14:54 - INFO - get_data - Fetched WY for the year 2018
14:54 - INFO - save_as_csv - Data for WY saved to data/2018/WY_2018.csv
14:54 - INFO - get_data - Fetched WMB for the year 2018
14:54 - INFO - save_as_csv - Data for WMB saved to data/2018/WMB_2018.csv
14:54 - INFO - get_data - Fetched WTW for the year 2018
14:54 - INFO - save_as_csv - Data for WTW saved to data/2018/WTW_2018.csv
14:55 - INFO - get_data - Fetched WYNN for the year 2018
14:55 - INFO - save_as_csv - Data for WYNN saved to data/2018/WYNN_2018.csv
14:55 - INFO - get_data - Fetched XEL for the year 2018
14:55 - INFO - save_as_csv - Data for XEL saved to data/2018/XEL_2018.csv
14:55 - INFO - get_data - Fetched XYL for the year 2018
14:55 - INFO - save_as_csv - Data for XYL saved to data/2018/XYL_2018.csv
14:55 - INFO - get_data - Fetched YUM for the year 2018
14:55 - INFO - save_as_csv - Data for YUM saved to data/2018/YUM_2018.csv
14:55 - INFO - get_data - Fetched ZBRA for the year 2018
14:55 - INFO - save_as_csv - Data for ZBRA saved to data/2018/ZBRA_2018.csv
14:56 - INFO - get_data - Fetched ZBH for the year 2018
14:56 - INFO - save_as_csv - Data for ZBH saved to data/2018/ZBH_2018.csv
14:56 - INFO - get_data - Fetched ZTS for the year 2018
14:56 - INFO - save_as_csv - Data for ZTS saved to data/2018/ZTS_2018.csv
14:56 - INFO - get_data - Success running get_data(symbols, 2018, delay=12) 
14:56 - INFO - <module> - Data has been saved to CSV files for each symbol in ['JKHY', 'MA', 'IRM', 'HOLX', 'FFIV'].
